{"/mnt/c/Users/bulat/OneDrive/Desktop/WorkProjects/Investor/frontend/src/pages/posts/Article.tsx": {"path":"/mnt/c/Users/bulat/OneDrive/Desktop/WorkProjects/Investor/frontend/src/pages/posts/Article.tsx","statementMap":{"0":{"start":{"line":5,"column":16},"end":{"line":30,"column":1}},"1":{"start":{"line":6,"column":1},"end":{"line":29,"column":null}},"2":{"start":{"line":32,"column":0},"end":{"line":32,"column":null}}},"fnMap":{"0":{"name":"(anonymous_0)","decl":{"start":{"line":5,"column":16},"end":{"line":5,"column":17}},"loc":{"start":{"line":5,"column":33},"end":{"line":30,"column":1}}}},"branchMap":{},"s":{"0":1,"1":2,"2":1},"f":{"0":2},"b":{}}
,"/mnt/c/Users/bulat/OneDrive/Desktop/WorkProjects/Investor/frontend/src/pages/static/Contact.tsx": {"path":"/mnt/c/Users/bulat/OneDrive/Desktop/WorkProjects/Investor/frontend/src/pages/static/Contact.tsx","statementMap":{"0":{"start":{"line":4,"column":16},"end":{"line":37,"column":1}},"1":{"start":{"line":5,"column":1},"end":{"line":36,"column":null}},"2":{"start":{"line":40,"column":0},"end":{"line":40,"column":23}}},"fnMap":{"0":{"name":"(anonymous_0)","decl":{"start":{"line":4,"column":16},"end":{"line":4,"column":17}},"loc":{"start":{"line":4,"column":33},"end":{"line":37,"column":1}}}},"branchMap":{},"s":{"0":1,"1":5,"2":1},"f":{"0":5},"b":{}}
}
